OpenMP parallelism

CPUS:  1
number of thread used max now: 1 
Pi estimate: 3.14159264558932393996, obtained in 4.314250 seconds with niter = 125000000 
DONE 
CPUS:  2
number of thread used max now: 2 
Pi estimate: 3.14159264958932382683, obtained in 4.367175 seconds with niter = 250000000 
DONE 
CPUS:  3
number of thread used max now: 3 
Pi estimate: 3.14159265092265727048, obtained in 4.550422 seconds with niter = 375000000 
DONE 
CPUS:  4
number of thread used max now: 4 
Pi estimate: 3.14159265158932399231, obtained in 4.618120 seconds with niter = 500000000 
DONE 
CPUS:  5
number of thread used max now: 5 
Pi estimate: 3.14159265198932402541, obtained in 4.686789 seconds with niter = 625000000 
DONE 
CPUS:  6
number of thread used max now: 6 
Pi estimate: 3.14159265225599071414, obtained in 4.675707 seconds with niter = 750000000 
DONE 
CPUS:  7
number of thread used max now: 7 
Pi estimate: 3.14159265244646679349, obtained in 4.731652 seconds with niter = 875000000 
DONE 
CPUS:  8
number of thread used max now: 8 
Pi estimate: 3.14159265258932407505, obtained in 5.000782 seconds with niter = 1000000000 
DONE 
CPUS:  9
number of thread used max now: 9 
Pi estimate: 3.14159265270043519536, obtained in 5.120695 seconds with niter = 1125000000 
DONE 
CPUS:  10
number of thread used max now: 10 
Pi estimate: 3.14159265278932409160, obtained in 5.151816 seconds with niter = 1250000000 
DONE 
CPUS:  11
number of thread used max now: 11 
Pi estimate: 3.14159265286205124923, obtained in 5.164963 seconds with niter = 1375000000 
DONE 
CPUS:  12
number of thread used max now: 12 
Pi estimate: 3.14159265292265743597, obtained in 5.214833 seconds with niter = 1500000000 
DONE 
CPUS:  13
number of thread used max now: 13 
Pi estimate: 3.14159265297393952565, obtained in 5.680463 seconds with niter = 1625000000 
DONE 
CPUS:  14
number of thread used max now: 14 
Pi estimate: 3.14159265301789547564, obtained in 5.886528 seconds with niter = 1750000000 
DONE 
CPUS:  15
number of thread used max now: 15 
Pi estimate: 3.14159265305599078033, obtained in 5.658872 seconds with niter = 1875000000 
DONE 
CPUS:  16
number of thread used max now: 16 
Pi estimate: 3.14159265308932411642, obtained in 5.660707 seconds with niter = 2000000000 
DONE 
CPUS:  17
number of thread used max now: 17 
Pi estimate: 3.14159265311873570070, obtained in 7.028323 seconds with niter = 2125000000 
DONE 
CPUS:  18
number of thread used max now: 18 
Pi estimate: 0.00000000000000000000, obtained in 0.000872 seconds with niter = 2250000000 
DONE 
CPUS:  19
number of thread used max now: 19 
Pi estimate: 0.00000000000000000000, obtained in 0.001003 seconds with niter = 2375000000 
DONE 
CPUS:  20
number of thread used max now: 20 
Pi estimate: 0.00000000000000000000, obtained in 0.001084 seconds with niter = 2500000000 
DONE 
CPUS:  21
number of thread used max now: 21 
Pi estimate: 0.00000000000000000000, obtained in 0.001157 seconds with niter = 2625000000 
DONE 
CPUS:  22
number of thread used max now: 22 
Pi estimate: 0.00000000000000000000, obtained in 0.001096 seconds with niter = 2750000000 
DONE 
CPUS:  23
number of thread used max now: 23 
Pi estimate: 0.00000000000000000000, obtained in 0.001238 seconds with niter = 2875000000 
DONE 
CPUS:  24
number of thread used max now: 24 
Pi estimate: 0.00000000000000000000, obtained in 0.001228 seconds with niter = 3000000000 
DONE 
